<?xml version="1.0" encoding="UTF-8"?>
<!-- Generated by org.testng.reporters.JUnitReportReporter -->
<testsuite hostname="DESKTOP-0RQF8FK" name="testrunners.EmployeeRegTest" tests="1" failures="0" timestamp="28 Nov 2022 03:35:10 GMT" time="14.410" errors="0">
  <testcase name="feature" time="14.410" classname="testrunners.EmployeeRegTest"/>
</testsuite> <!-- testrunners.EmployeeRegTest -->
