<?xml version="1.0" encoding="UTF-8"?>
<!-- Generated by org.testng.reporters.JUnitReportReporter -->
<testsuite hostname="VIJAY-PC" failures="0" tests="1" name="testrunners.AdminLoginTest" time="101.132" errors="0" timestamp="30 Dec 2022 16:09:30 GMT" skipped="0">
  <testcase classname="testrunners.AdminLoginTest" name="feature" time="101.132"/>
</testsuite> <!-- testrunners.AdminLoginTest -->
